# JRE version: OpenJDK Runtime Environment Corretto-11.0.25.9.1 (11.0.25+9) (build 11.0.25+9-LTS)
# Java VM: OpenJDK 64-Bit Server VM Corretto-11.0.25.9.1 (11.0.25+9-LTS, mixed mode, tiered, compressed oops, g1 gc, windows-amd64)
Heap:
 garbage-first heap   total 126976K, used 35430K [0x0000000084e00000, 0x0000000100000000)
  region size 1024K, 27 young (27648K), 7 survivors (7168K)
 Metaspace       used 37511K, capacity 38940K, committed 39120K, reserved 1083392K
  class space    used 4736K, capacity 5327K, committed 5452K, reserved 1048576K
GC Heap History (8 events):
Event: 1.936 GC heap before
{Heap before GC invocations=0 (full 0):
 garbage-first heap   total 126976K, used 21504K [0x0000000084e00000, 0x0000000100000000)
  region size 1024K, 22 young (22528K), 0 survivors (0K)
 Metaspace       used 14265K, capacity 14659K, committed 14720K, reserved 1062912K
  class space    used 1423K, capacity 1623K, committed 1664K, reserved 1048576K
}
Event: 1.950 GC heap after
{Heap after GC invocations=1 (full 0):
 garbage-first heap   total 126976K, used 4385K [0x0000000084e00000, 0x0000000100000000)
  region size 1024K, 3 young (3072K), 3 survivors (3072K)
 Metaspace       used 14265K, capacity 14659K, committed 14720K, reserved 1062912K
  class space    used 1423K, capacity 1623K, committed 1664K, reserved 1048576K
}
Event: 2.649 GC heap before
{Heap before GC invocations=1 (full 0):
 garbage-first heap   total 126976K, used 22817K [0x0000000084e00000, 0x0000000100000000)
  region size 1024K, 21 young (21504K), 3 survivors (3072K)
 Metaspace       used 19827K, capacity 20403K, committed 20480K, reserved 1067008K
  class space    used 2297K, capacity 2537K, committed 2560K, reserved 1048576K
}
Event: 2.654 GC heap after
{Heap after GC invocations=2 (full 0):
 garbage-first heap   total 126976K, used 7643K [0x0000000084e00000, 0x0000000100000000)
  region size 1024K, 3 young (3072K), 3 survivors (3072K)
 Metaspace       used 19827K, capacity 20403K, committed 20480K, reserved 1067008K
  class space    used 2297K, capacity 2537K, committed 2560K, reserved 1048576K
}
Event: 2.824 GC heap before
{Heap before GC invocations=2 (full 0):
 garbage-first heap   total 126976K, used 10715K [0x0000000084e00000, 0x0000000100000000)
  region size 1024K, 7 young (7168K), 3 survivors (3072K)
 Metaspace       used 20637K, capacity 21189K, committed 21296K, reserved 1069056K
  class space    used 2408K, capacity 2660K, committed 2688K, reserved 1048576K
}
Event: 2.827 GC heap after
{Heap after GC invocations=3 (full 0):
 garbage-first heap   total 126976K, used 7941K [0x0000000084e00000, 0x0000000100000000)
  region size 1024K, 4 young (4096K), 4 survivors (4096K)
 Metaspace       used 20637K, capacity 21189K, committed 21296K, reserved 1069056K
  class space    used 2408K, capacity 2660K, committed 2688K, reserved 1048576K
}
Event: 12.154 GC heap before
{Heap before GC invocations=4 (full 0):
 garbage-first heap   total 126976K, used 49925K [0x0000000084e00000, 0x0000000100000000)
  region size 1024K, 44 young (45056K), 4 survivors (4096K)
 Metaspace       used 34848K, capacity 35971K, committed 36048K, reserved 1081344K
  class space    used 4397K, capacity 4917K, committed 4940K, reserved 1048576K
}
Event: 12.169 GC heap after
{Heap after GC invocations=5 (full 0):
 garbage-first heap   total 126976K, used 15974K [0x0000000084e00000, 0x0000000100000000)
  region size 1024K, 7 young (7168K), 7 survivors (7168K)
 Metaspace       used 34848K, capacity 35971K, committed 36048K, reserved 1081344K
  class space    used 4397K, capacity 4917K, committed 4940K, reserved 1048576K
}

